mode: atomic
github.com/andyday/depot/depot.go:30.56,32.2 1 0
github.com/andyday/depot/depot.go:34.74,35.55 1 0
github.com/andyday/depot/depot.go:35.55,37.3 1 0
github.com/andyday/depot/depot.go:38.2,38.20 1 0
github.com/andyday/depot/depot.go:41.74,42.55 1 0
github.com/andyday/depot/depot.go:42.55,44.3 1 0
github.com/andyday/depot/depot.go:45.2,45.20 1 0
github.com/andyday/depot/depot.go:48.77,49.58 1 0
github.com/andyday/depot/depot.go:49.58,51.3 1 0
github.com/andyday/depot/depot.go:52.2,52.20 1 0
github.com/andyday/depot/depot.go:55.77,56.58 1 0
github.com/andyday/depot/depot.go:56.58,58.3 1 0
github.com/andyday/depot/depot.go:59.2,59.20 1 0
github.com/andyday/depot/depot.go:62.93,63.65 1 0
github.com/andyday/depot/depot.go:63.65,65.3 1 0
github.com/andyday/depot/depot.go:66.2,66.20 1 0
github.com/andyday/depot/depot.go:68.134,71.2 2 0
github.com/andyday/depot/math.go:9.46,10.23 1 0
github.com/andyday/depot/math.go:11.12,12.24 1 0
github.com/andyday/depot/math.go:13.13,14.24 1 0
github.com/andyday/depot/math.go:15.13,16.24 1 0
github.com/andyday/depot/math.go:17.13,18.24 1 0
github.com/andyday/depot/math.go:19.11,20.24 1 0
github.com/andyday/depot/math.go:21.15,22.24 1 0
github.com/andyday/depot/math.go:23.15,24.24 1 0
github.com/andyday/depot/math.go:25.12,26.24 1 0
github.com/andyday/depot/math.go:27.13,28.24 1 0
github.com/andyday/depot/math.go:29.14,30.24 1 0
github.com/andyday/depot/math.go:31.14,32.24 1 0
github.com/andyday/depot/math.go:33.14,34.24 1 0
github.com/andyday/depot/math.go:35.10,36.11 1 0
github.com/andyday/depot/math.go:40.48,41.23 1 0
github.com/andyday/depot/math.go:42.12,43.18 1 0
github.com/andyday/depot/math.go:44.13,45.18 1 0
github.com/andyday/depot/math.go:46.13,47.18 1 0
github.com/andyday/depot/math.go:48.13,49.18 1 0
github.com/andyday/depot/math.go:50.11,51.18 1 0
github.com/andyday/depot/math.go:52.12,53.18 1 0
github.com/andyday/depot/math.go:54.13,55.18 1 0
github.com/andyday/depot/math.go:56.14,57.18 1 0
github.com/andyday/depot/math.go:58.14,59.18 1 0
github.com/andyday/depot/math.go:60.14,61.18 1 0
github.com/andyday/depot/math.go:62.15,63.18 1 0
github.com/andyday/depot/math.go:64.15,65.18 1 0
github.com/andyday/depot/math.go:66.10,67.11 1 0
github.com/andyday/depot/math.go:71.51,72.23 1 0
github.com/andyday/depot/math.go:73.12,74.29 1 0
github.com/andyday/depot/math.go:75.13,76.29 1 0
github.com/andyday/depot/math.go:77.13,78.29 1 0
github.com/andyday/depot/math.go:79.13,80.29 1 0
github.com/andyday/depot/math.go:81.11,82.29 1 0
github.com/andyday/depot/math.go:83.15,84.29 1 0
github.com/andyday/depot/math.go:85.15,86.29 1 0
github.com/andyday/depot/math.go:87.12,88.29 1 0
github.com/andyday/depot/math.go:89.13,90.29 1 0
github.com/andyday/depot/math.go:91.14,92.29 1 0
github.com/andyday/depot/math.go:93.14,94.29 1 0
github.com/andyday/depot/math.go:95.14,96.29 1 0
github.com/andyday/depot/math.go:97.10,98.11 1 0
github.com/andyday/depot/math.go:102.53,103.23 1 0
github.com/andyday/depot/math.go:104.12,105.18 1 0
github.com/andyday/depot/math.go:106.13,107.18 1 0
github.com/andyday/depot/math.go:108.13,109.18 1 0
github.com/andyday/depot/math.go:110.13,111.18 1 0
github.com/andyday/depot/math.go:112.11,113.18 1 0
github.com/andyday/depot/math.go:114.12,115.18 1 0
github.com/andyday/depot/math.go:116.13,117.18 1 0
github.com/andyday/depot/math.go:118.14,119.18 1 0
github.com/andyday/depot/math.go:120.14,121.18 1 0
github.com/andyday/depot/math.go:122.14,123.18 1 0
github.com/andyday/depot/math.go:124.15,125.18 1 0
github.com/andyday/depot/math.go:126.15,127.18 1 0
github.com/andyday/depot/math.go:128.10,129.12 1 0
github.com/andyday/depot/math.go:133.46,134.24 1 0
github.com/andyday/depot/math.go:135.12,136.12 1 0
github.com/andyday/depot/math.go:137.13,138.12 1 0
github.com/andyday/depot/math.go:139.13,140.12 1 0
github.com/andyday/depot/math.go:141.13,142.12 1 0
github.com/andyday/depot/math.go:143.11,144.12 1 0
github.com/andyday/depot/math.go:145.15,146.12 1 0
github.com/andyday/depot/math.go:147.15,148.12 1 0
github.com/andyday/depot/math.go:149.10,150.11 1 0
github.com/andyday/depot/math.go:154.41,155.23 1 0
github.com/andyday/depot/math.go:156.12,157.28 1 0
github.com/andyday/depot/math.go:158.13,159.28 1 0
github.com/andyday/depot/math.go:160.13,161.28 1 0
github.com/andyday/depot/math.go:162.13,163.28 1 0
github.com/andyday/depot/math.go:164.11,165.28 1 0
github.com/andyday/depot/math.go:166.15,167.28 1 0
github.com/andyday/depot/math.go:168.15,169.28 1 0
github.com/andyday/depot/math.go:170.12,171.28 1 0
github.com/andyday/depot/math.go:172.13,173.28 1 0
github.com/andyday/depot/math.go:174.14,175.28 1 0
github.com/andyday/depot/math.go:176.14,177.28 1 0
github.com/andyday/depot/math.go:178.14,179.28 1 0
github.com/andyday/depot/math.go:180.14,181.35 1 0
github.com/andyday/depot/math.go:182.10,183.16 1 0
github.com/andyday/depot/math.go:187.55,188.23 1 0
github.com/andyday/depot/math.go:189.12,190.19 1 0
github.com/andyday/depot/math.go:191.13,192.19 1 0
github.com/andyday/depot/math.go:193.13,194.19 1 0
github.com/andyday/depot/math.go:195.13,196.19 1 0
github.com/andyday/depot/math.go:197.11,198.19 1 0
github.com/andyday/depot/math.go:199.12,200.19 1 0
github.com/andyday/depot/math.go:201.13,202.19 1 0
github.com/andyday/depot/math.go:203.14,204.19 1 0
github.com/andyday/depot/math.go:205.14,206.19 1 0
github.com/andyday/depot/math.go:207.14,208.19 1 0
github.com/andyday/depot/math.go:209.15,210.19 1 0
github.com/andyday/depot/math.go:211.15,212.19 1 0
github.com/andyday/depot/math.go:213.14,214.35 1 0
github.com/andyday/depot/math.go:216.10,217.15 1 0
github.com/andyday/depot/math.go:221.44,222.23 1 0
github.com/andyday/depot/math.go:223.12,224.31 1 0
github.com/andyday/depot/math.go:225.13,226.31 1 0
github.com/andyday/depot/math.go:227.13,228.31 1 0
github.com/andyday/depot/math.go:229.13,230.31 1 0
github.com/andyday/depot/math.go:231.11,232.31 1 0
github.com/andyday/depot/math.go:233.15,234.31 1 0
github.com/andyday/depot/math.go:235.15,236.31 1 0
github.com/andyday/depot/math.go:237.12,238.31 1 0
github.com/andyday/depot/math.go:239.13,240.31 1 0
github.com/andyday/depot/math.go:241.14,242.31 1 0
github.com/andyday/depot/math.go:243.14,244.31 1 0
github.com/andyday/depot/math.go:245.14,246.31 1 0
github.com/andyday/depot/math.go:247.14,248.35 1 0
github.com/andyday/depot/math.go:249.10,250.16 1 0
github.com/andyday/depot/math.go:254.58,255.23 1 0
github.com/andyday/depot/math.go:256.12,257.19 1 0
github.com/andyday/depot/math.go:258.13,259.19 1 0
github.com/andyday/depot/math.go:260.13,261.19 1 0
github.com/andyday/depot/math.go:262.13,263.19 1 0
github.com/andyday/depot/math.go:264.11,265.19 1 0
github.com/andyday/depot/math.go:266.12,267.19 1 0
github.com/andyday/depot/math.go:268.13,269.19 1 0
github.com/andyday/depot/math.go:270.14,271.19 1 0
github.com/andyday/depot/math.go:272.14,273.19 1 0
github.com/andyday/depot/math.go:274.14,275.19 1 0
github.com/andyday/depot/math.go:276.15,277.19 1 0
github.com/andyday/depot/math.go:278.15,279.19 1 0
github.com/andyday/depot/math.go:280.14,281.35 1 0
github.com/andyday/depot/math.go:282.10,283.14 1 0
github.com/andyday/depot/math.go:287.47,288.23 1 0
github.com/andyday/depot/math.go:289.12,290.34 1 0
github.com/andyday/depot/math.go:291.13,292.34 1 0
github.com/andyday/depot/math.go:293.13,294.34 1 0
github.com/andyday/depot/math.go:295.13,296.34 1 0
github.com/andyday/depot/math.go:297.11,298.34 1 0
github.com/andyday/depot/math.go:299.15,300.34 1 0
github.com/andyday/depot/math.go:301.15,302.34 1 0
github.com/andyday/depot/math.go:303.12,304.34 1 0
github.com/andyday/depot/math.go:305.13,306.34 1 0
github.com/andyday/depot/math.go:307.14,308.34 1 0
github.com/andyday/depot/math.go:309.14,310.34 1 0
github.com/andyday/depot/math.go:311.14,312.34 1 0
github.com/andyday/depot/math.go:313.14,314.15 1 0
github.com/andyday/depot/math.go:314.15,316.4 1 0
github.com/andyday/depot/math.go:317.3,317.34 1 0
github.com/andyday/depot/math.go:318.10,319.15 1 0
github.com/andyday/depot/math.go:323.61,324.23 1 0
github.com/andyday/depot/math.go:325.12,326.18 1 0
github.com/andyday/depot/math.go:327.13,328.18 1 0
github.com/andyday/depot/math.go:329.13,330.18 1 0
github.com/andyday/depot/math.go:331.13,332.18 1 0
github.com/andyday/depot/math.go:333.11,334.18 1 0
github.com/andyday/depot/math.go:335.12,336.18 1 0
github.com/andyday/depot/math.go:337.13,338.18 1 0
github.com/andyday/depot/math.go:339.14,340.18 1 0
github.com/andyday/depot/math.go:341.14,342.18 1 0
github.com/andyday/depot/math.go:343.14,344.18 1 0
github.com/andyday/depot/math.go:345.15,346.18 1 0
github.com/andyday/depot/math.go:347.15,348.18 1 0
github.com/andyday/depot/math.go:349.14,350.34 1 0
github.com/andyday/depot/math.go:351.10,352.15 1 0
github.com/andyday/depot/math.go:356.54,357.23 1 0
github.com/andyday/depot/math.go:358.12,359.41 1 0
github.com/andyday/depot/math.go:360.13,361.41 1 0
github.com/andyday/depot/math.go:362.13,363.41 1 0
github.com/andyday/depot/math.go:364.13,365.41 1 0
github.com/andyday/depot/math.go:366.11,367.41 1 0
github.com/andyday/depot/math.go:368.15,369.41 1 0
github.com/andyday/depot/math.go:370.15,371.41 1 0
github.com/andyday/depot/math.go:372.12,373.41 1 0
github.com/andyday/depot/math.go:374.13,375.41 1 0
github.com/andyday/depot/math.go:376.14,377.41 1 0
github.com/andyday/depot/math.go:378.14,379.41 1 0
github.com/andyday/depot/math.go:380.14,381.41 1 0
github.com/andyday/depot/math.go:382.14,383.15 1 0
github.com/andyday/depot/math.go:383.15,385.4 1 0
github.com/andyday/depot/math.go:386.3,386.35 1 0
github.com/andyday/depot/math.go:387.10,388.15 1 0
github.com/andyday/depot/math.go:392.68,393.23 1 0
github.com/andyday/depot/math.go:394.12,395.19 1 0
github.com/andyday/depot/math.go:396.13,397.19 1 0
github.com/andyday/depot/math.go:398.13,399.19 1 0
github.com/andyday/depot/math.go:400.13,401.19 1 0
github.com/andyday/depot/math.go:402.11,403.19 1 0
github.com/andyday/depot/math.go:404.12,405.19 1 0
github.com/andyday/depot/math.go:406.13,407.19 1 0
github.com/andyday/depot/math.go:408.14,409.19 1 0
github.com/andyday/depot/math.go:410.14,411.19 1 0
github.com/andyday/depot/math.go:412.14,413.19 1 0
github.com/andyday/depot/math.go:414.15,415.19 1 0
github.com/andyday/depot/math.go:416.15,417.19 1 0
github.com/andyday/depot/math.go:418.14,419.35 1 0
github.com/andyday/depot/math.go:420.10,421.15 1 0
github.com/andyday/depot/math.go:425.44,426.23 1 0
github.com/andyday/depot/math.go:427.12,428.31 1 0
github.com/andyday/depot/math.go:429.13,430.31 1 0
github.com/andyday/depot/math.go:431.13,432.31 1 0
github.com/andyday/depot/math.go:433.13,434.31 1 0
github.com/andyday/depot/math.go:435.11,436.31 1 0
github.com/andyday/depot/math.go:437.15,438.31 1 0
github.com/andyday/depot/math.go:439.15,440.31 1 0
github.com/andyday/depot/math.go:441.12,442.31 1 0
github.com/andyday/depot/math.go:443.13,444.31 1 0
github.com/andyday/depot/math.go:445.14,446.31 1 0
github.com/andyday/depot/math.go:447.14,448.31 1 0
github.com/andyday/depot/math.go:449.14,450.31 1 0
github.com/andyday/depot/math.go:451.14,452.15 1 0
github.com/andyday/depot/math.go:452.15,454.4 1 0
github.com/andyday/depot/math.go:455.3,455.34 1 0
github.com/andyday/depot/math.go:456.10,457.15 1 0
github.com/andyday/depot/math.go:461.58,462.23 1 0
github.com/andyday/depot/math.go:463.12,464.18 1 0
github.com/andyday/depot/math.go:465.13,466.18 1 0
github.com/andyday/depot/math.go:467.13,468.18 1 0
github.com/andyday/depot/math.go:469.13,470.18 1 0
github.com/andyday/depot/math.go:471.11,472.18 1 0
github.com/andyday/depot/math.go:473.12,474.18 1 0
github.com/andyday/depot/math.go:475.13,476.18 1 0
github.com/andyday/depot/math.go:477.14,478.18 1 0
github.com/andyday/depot/math.go:479.14,480.18 1 0
github.com/andyday/depot/math.go:481.14,482.18 1 0
github.com/andyday/depot/math.go:483.15,484.18 1 0
github.com/andyday/depot/math.go:485.15,486.18 1 0
github.com/andyday/depot/math.go:487.14,488.34 1 0
github.com/andyday/depot/math.go:489.10,490.15 1 0
github.com/andyday/depot/math.go:494.51,495.23 1 0
github.com/andyday/depot/math.go:496.12,497.38 1 0
github.com/andyday/depot/math.go:498.13,499.38 1 0
github.com/andyday/depot/math.go:500.13,501.38 1 0
github.com/andyday/depot/math.go:502.13,503.38 1 0
github.com/andyday/depot/math.go:504.11,505.38 1 0
github.com/andyday/depot/math.go:506.15,507.38 1 0
github.com/andyday/depot/math.go:508.15,509.38 1 0
github.com/andyday/depot/math.go:510.12,511.38 1 0
github.com/andyday/depot/math.go:512.13,513.38 1 0
github.com/andyday/depot/math.go:514.14,515.38 1 0
github.com/andyday/depot/math.go:516.14,517.38 1 0
github.com/andyday/depot/math.go:518.14,519.38 1 0
github.com/andyday/depot/math.go:520.14,521.15 1 0
github.com/andyday/depot/math.go:521.15,523.4 1 0
github.com/andyday/depot/math.go:524.3,524.35 1 0
github.com/andyday/depot/math.go:525.10,526.15 1 0
github.com/andyday/depot/math.go:530.65,531.23 1 0
github.com/andyday/depot/math.go:532.12,533.19 1 0
github.com/andyday/depot/math.go:534.13,535.19 1 0
github.com/andyday/depot/math.go:536.13,537.19 1 0
github.com/andyday/depot/math.go:538.13,539.19 1 0
github.com/andyday/depot/math.go:540.11,541.19 1 0
github.com/andyday/depot/math.go:542.12,543.19 1 0
github.com/andyday/depot/math.go:544.13,545.19 1 0
github.com/andyday/depot/math.go:546.14,547.19 1 0
github.com/andyday/depot/math.go:548.14,549.19 1 0
github.com/andyday/depot/math.go:550.14,551.19 1 0
github.com/andyday/depot/math.go:552.15,553.19 1 0
github.com/andyday/depot/math.go:554.15,555.19 1 0
github.com/andyday/depot/math.go:556.14,557.35 1 0
github.com/andyday/depot/math.go:558.10,559.15 1 0
github.com/andyday/depot/op.go:12.40,12.41 0 0
github.com/andyday/depot/op.go:13.40,13.41 0 0
github.com/andyday/depot/op.go:14.40,14.41 0 0
github.com/andyday/depot/op.go:16.43,16.61 1 0
github.com/andyday/depot/op.go:17.43,17.61 1 0
github.com/andyday/depot/op.go:18.43,18.61 1 0
github.com/andyday/depot/op.go:20.47,20.84 1 0
github.com/andyday/depot/op.go:21.47,21.89 1 0
github.com/andyday/depot/op.go:22.47,22.86 1 0
github.com/andyday/depot/op.go:48.40,48.41 0 0
github.com/andyday/depot/op.go:49.40,49.41 0 0
github.com/andyday/depot/op.go:50.40,50.41 0 0
github.com/andyday/depot/op.go:51.40,51.41 0 0
github.com/andyday/depot/op.go:52.40,52.41 0 0
github.com/andyday/depot/op.go:53.40,53.41 0 0
github.com/andyday/depot/op.go:54.40,54.41 0 0
github.com/andyday/depot/op.go:55.40,55.41 0 0
github.com/andyday/depot/op.go:56.40,56.41 0 0
github.com/andyday/depot/op.go:58.41,58.42 0 0
github.com/andyday/depot/op.go:59.41,59.42 0 0
github.com/andyday/depot/op.go:60.41,60.42 0 0
github.com/andyday/depot/op.go:61.41,61.42 0 0
github.com/andyday/depot/op.go:62.41,62.42 0 0
github.com/andyday/depot/op.go:63.41,63.42 0 0
github.com/andyday/depot/op.go:64.41,64.42 0 0
github.com/andyday/depot/op.go:65.41,65.42 0 0
github.com/andyday/depot/op.go:66.41,66.42 0 0
github.com/andyday/depot/op.go:68.44,68.62 1 0
github.com/andyday/depot/op.go:69.44,69.62 1 0
github.com/andyday/depot/op.go:70.44,70.62 1 0
github.com/andyday/depot/op.go:71.44,71.62 1 0
github.com/andyday/depot/op.go:72.44,72.62 1 0
github.com/andyday/depot/op.go:73.44,73.62 1 0
github.com/andyday/depot/op.go:74.44,74.62 1 0
github.com/andyday/depot/op.go:75.44,75.62 1 0
github.com/andyday/depot/op.go:76.44,76.62 1 0
github.com/andyday/depot/op.go:78.44,78.60 1 0
github.com/andyday/depot/op.go:79.44,79.60 1 0
github.com/andyday/depot/op.go:80.44,80.60 1 0
github.com/andyday/depot/op.go:81.44,81.60 1 0
github.com/andyday/depot/op.go:82.44,82.60 1 0
github.com/andyday/depot/op.go:83.44,83.60 1 0
github.com/andyday/depot/op.go:84.44,84.59 1 0
github.com/andyday/depot/op.go:85.44,85.59 1 0
github.com/andyday/depot/op.go:86.44,86.59 1 0
github.com/andyday/depot/op.go:88.42,88.43 0 0
github.com/andyday/depot/op.go:89.42,89.43 0 0
github.com/andyday/depot/op.go:90.42,90.43 0 0
github.com/andyday/depot/op.go:91.42,91.43 0 0
github.com/andyday/depot/op.go:92.42,92.43 0 0
github.com/andyday/depot/op.go:93.42,93.43 0 0
github.com/andyday/depot/op.go:94.42,94.43 0 0
github.com/andyday/depot/op.go:95.42,95.43 0 0
github.com/andyday/depot/op.go:96.42,96.43 0 0
github.com/andyday/depot/op.go:98.53,98.93 1 0
github.com/andyday/depot/op.go:99.53,99.96 1 0
github.com/andyday/depot/op.go:100.53,100.90 1 0
github.com/andyday/depot/op.go:101.53,101.91 1 0
github.com/andyday/depot/op.go:102.53,102.90 1 0
github.com/andyday/depot/op.go:103.53,103.91 1 0
github.com/andyday/depot/op.go:104.53,104.94 1 0
github.com/andyday/depot/op.go:106.57,108.2 1 0
github.com/andyday/depot/op.go:109.63,111.2 1 0
github.com/andyday/depot/op.go:118.42,118.43 0 0
github.com/andyday/depot/op.go:119.42,119.43 0 0
github.com/andyday/depot/op.go:120.42,120.43 0 0
github.com/andyday/depot/op.go:121.42,121.43 0 0
github.com/andyday/depot/op.go:123.49,123.50 0 0
github.com/andyday/depot/op.go:124.49,124.50 0 0
github.com/andyday/depot/op.go:125.49,125.50 0 0
github.com/andyday/depot/op.go:126.49,126.50 0 0
github.com/andyday/depot/op.go:128.44,128.75 1 0
github.com/andyday/depot/op.go:129.44,129.76 1 0
github.com/andyday/depot/op.go:130.44,130.89 1 0
github.com/andyday/depot/op.go:131.44,131.86 1 0
github.com/andyday/depot/reflect.go:20.30,21.25 1 0
github.com/andyday/depot/reflect.go:21.25,23.3 1 0
github.com/andyday/depot/reflect.go:23.8,25.3 1 0
github.com/andyday/depot/reflect.go:34.57,39.42 2 0
github.com/andyday/depot/reflect.go:39.42,41.3 1 0
github.com/andyday/depot/reflect.go:42.2,43.26 2 0
github.com/andyday/depot/reflect.go:43.26,45.17 2 0
github.com/andyday/depot/reflect.go:46.27,48.48 2 0
github.com/andyday/depot/reflect.go:49.22,51.43 2 0
github.com/andyday/depot/reflect.go:52.11,52.11 0 0
github.com/andyday/depot/reflect.go:55.2,55.8 1 0
github.com/andyday/depot/reflect.go:58.73,63.42 2 0
github.com/andyday/depot/reflect.go:63.42,65.3 1 0
github.com/andyday/depot/reflect.go:66.2,67.26 2 0
github.com/andyday/depot/reflect.go:67.26,70.82 3 0
github.com/andyday/depot/reflect.go:70.82,71.12 1 0
github.com/andyday/depot/reflect.go:73.3,73.93 1 0
github.com/andyday/depot/reflect.go:75.2,75.8 1 0
github.com/andyday/depot/reflect.go:78.91,84.42 3 0
github.com/andyday/depot/reflect.go:84.42,86.3 1 0
github.com/andyday/depot/reflect.go:87.2,88.26 2 0
github.com/andyday/depot/reflect.go:88.26,91.82 3 0
github.com/andyday/depot/reflect.go:91.82,92.12 1 0
github.com/andyday/depot/reflect.go:94.3,95.26 2 0
github.com/andyday/depot/reflect.go:95.26,97.4 1 0
github.com/andyday/depot/reflect.go:98.3,98.18 1 0
github.com/andyday/depot/reflect.go:100.2,100.8 1 0
github.com/andyday/depot/reflect.go:103.79,108.44 2 0
github.com/andyday/depot/reflect.go:108.44,110.3 1 0
github.com/andyday/depot/reflect.go:111.2,112.26 2 0
github.com/andyday/depot/reflect.go:112.26,115.29 3 0
github.com/andyday/depot/reflect.go:115.29,117.82 2 0
github.com/andyday/depot/reflect.go:117.82,119.5 1 0
github.com/andyday/depot/reflect.go:120.4,120.27 1 0
github.com/andyday/depot/reflect.go:120.27,122.5 1 0
github.com/andyday/depot/reflect.go:123.4,124.61 2 0
github.com/andyday/depot/reflect.go:124.61,125.20 1 0
github.com/andyday/depot/reflect.go:125.20,127.6 1 0
github.com/andyday/depot/reflect.go:128.5,128.23 1 0
github.com/andyday/depot/reflect.go:129.10,131.5 1 0
github.com/andyday/depot/reflect.go:134.2,134.8 1 0
github.com/andyday/depot/reflect.go:137.77,139.26 2 0
github.com/andyday/depot/reflect.go:139.26,141.3 1 0
github.com/andyday/depot/reflect.go:142.2,142.40 1 0
github.com/andyday/depot/reflect.go:145.87,147.26 2 0
github.com/andyday/depot/reflect.go:147.26,149.3 1 0
github.com/andyday/depot/reflect.go:150.2,150.40 1 0
github.com/andyday/depot/reflect.go:159.86,164.42 2 0
github.com/andyday/depot/reflect.go:164.42,166.3 1 0
github.com/andyday/depot/reflect.go:167.2,168.26 2 0
github.com/andyday/depot/reflect.go:168.26,176.28 5 0
github.com/andyday/depot/reflect.go:176.28,177.12 1 0
github.com/andyday/depot/reflect.go:179.3,183.5 1 0
github.com/andyday/depot/reflect.go:185.2,185.8 1 0
github.com/andyday/depot/reflect.go:203.131,209.42 2 0
github.com/andyday/depot/reflect.go:209.42,211.3 1 0
github.com/andyday/depot/reflect.go:212.2,213.26 2 0
github.com/andyday/depot/reflect.go:213.26,220.15 6 0
github.com/andyday/depot/reflect.go:221.25,222.12 1 0
github.com/andyday/depot/reflect.go:223.27,224.25 1 0
github.com/andyday/depot/reflect.go:225.22,227.22 2 0
github.com/andyday/depot/reflect.go:228.11,229.20 1 0
github.com/andyday/depot/reflect.go:231.3,231.18 1 0
github.com/andyday/depot/reflect.go:231.18,233.38 2 0
github.com/andyday/depot/reflect.go:233.38,234.13 1 0
github.com/andyday/depot/reflect.go:237.3,242.5 1 0
github.com/andyday/depot/reflect.go:244.2,244.8 1 0
github.com/andyday/depot/reflect.go:247.43,248.37 1 0
github.com/andyday/depot/reflect.go:248.37,250.3 1 0
github.com/andyday/depot/reflect.go:250.8,250.24 1 0
github.com/andyday/depot/reflect.go:250.24,252.3 1 0
github.com/andyday/depot/reflect.go:252.8,253.22 1 0
github.com/andyday/depot/reflect.go:254.15,255.34 1 0
github.com/andyday/depot/reflect.go:256.12,257.31 1 0
github.com/andyday/depot/reflect.go:258.14,259.33 1 0
github.com/andyday/depot/reflect.go:260.11,261.12 1 0
github.com/andyday/depot/reflect.go:266.54,267.23 1 0
github.com/andyday/depot/reflect.go:267.23,269.3 1 0
github.com/andyday/depot/reflect.go:270.2,270.8 1 0
github.com/andyday/depot/reflect.go:273.41,274.45 1 0
github.com/andyday/depot/reflect.go:274.45,276.3 1 0
github.com/andyday/depot/reflect.go:277.2,277.10 1 0
github.com/andyday/depot/reflect.go:280.55,281.22 1 0
github.com/andyday/depot/reflect.go:281.22,282.25 1 0
github.com/andyday/depot/reflect.go:283.15,284.32 1 0
github.com/andyday/depot/reflect.go:285.12,286.29 1 0
github.com/andyday/depot/reflect.go:287.14,288.31 1 0
github.com/andyday/depot/reflect.go:289.13,290.30 1 0
github.com/andyday/depot/reflect.go:291.31,292.26 1 0
github.com/andyday/depot/reflect.go:292.26,293.22 1 0
github.com/andyday/depot/reflect.go:294.17,295.37 1 0
github.com/andyday/depot/reflect.go:296.14,297.34 1 0
github.com/andyday/depot/reflect.go:298.16,299.36 1 0
github.com/andyday/depot/reflect.go:300.15,301.35 1 0
github.com/andyday/depot/reflect.go:306.2,306.52 1 0
github.com/andyday/depot/reflect.go:309.84,311.23 2 0
github.com/andyday/depot/reflect.go:311.23,313.26 2 0
github.com/andyday/depot/reflect.go:313.26,314.21 1 0
github.com/andyday/depot/reflect.go:314.21,316.5 1 0
github.com/andyday/depot/reflect.go:317.4,317.23 1 0
github.com/andyday/depot/reflect.go:320.2,320.8 1 0
github.com/andyday/depot/reflect.go:323.70,325.23 2 0
github.com/andyday/depot/reflect.go:325.23,327.3 1 0
github.com/andyday/depot/reflect.go:328.2,328.8 1 0
github.com/andyday/depot/reflect.go:331.46,332.16 1 0
github.com/andyday/depot/reflect.go:332.16,333.35 1 0
github.com/andyday/depot/reflect.go:333.35,334.26 1 0
github.com/andyday/depot/reflect.go:334.26,336.5 1 0
github.com/andyday/depot/reflect.go:339.2,339.15 1 0
github.com/andyday/depot/reflect.go:342.31,343.61 1 0
github.com/andyday/depot/reflect.go:343.61,345.3 1 0
github.com/andyday/depot/reflect.go:346.2,346.34 1 0
github.com/andyday/depot/reflect.go:346.34,347.68 1 0
github.com/andyday/depot/reflect.go:347.68,349.4 1 0
github.com/andyday/depot/reflect.go:351.2,351.14 1 0
github.com/andyday/depot/reflect.go:354.57,355.25 1 0
github.com/andyday/depot/reflect.go:355.25,356.26 1 0
github.com/andyday/depot/reflect.go:356.26,358.4 1 0
github.com/andyday/depot/reflect.go:360.2,360.12 1 0
github.com/andyday/depot/reflect.go:363.58,364.25 1 0
github.com/andyday/depot/reflect.go:364.25,365.58 1 0
github.com/andyday/depot/reflect.go:365.58,367.4 1 0
github.com/andyday/depot/reflect.go:369.2,369.12 1 0
github.com/andyday/depot/reflect.go:398.73,401.30 3 0
github.com/andyday/depot/reflect.go:401.30,403.3 1 0
github.com/andyday/depot/reflect.go:404.2,404.36 1 0
github.com/andyday/depot/reflect.go:404.36,406.3 1 0
github.com/andyday/depot/reflect.go:407.2,407.33 1 0
github.com/andyday/depot/reflect.go:407.33,410.3 2 0
github.com/andyday/depot/reflect.go:412.2,413.28 2 0
github.com/andyday/depot/reflect.go:413.28,415.3 1 0
github.com/andyday/depot/reflect.go:417.2,418.36 2 0
github.com/andyday/depot/reflect.go:418.36,420.3 1 0
github.com/andyday/depot/reflect.go:421.2,422.8 2 0
github.com/andyday/depot/reflect.go:425.49,430.14 5 0
github.com/andyday/depot/reflect.go:430.14,433.3 2 0
github.com/andyday/depot/reflect.go:434.2,436.20 3 0
github.com/andyday/depot/reflect.go:436.20,438.3 1 0
github.com/andyday/depot/reflect.go:439.2,439.20 1 0
github.com/andyday/depot/reflect.go:439.20,440.31 1 0
github.com/andyday/depot/reflect.go:440.31,441.13 1 0
github.com/andyday/depot/reflect.go:442.14,443.34 1 0
github.com/andyday/depot/reflect.go:444.14,445.29 1 0
github.com/andyday/depot/reflect.go:446.21,447.34 1 0
github.com/andyday/depot/reflect.go:448.15,449.19 1 0
github.com/andyday/depot/reflect.go:450.12,451.39 1 0
github.com/andyday/depot/reflect.go:451.39,453.30 2 0
github.com/andyday/depot/reflect.go:453.30,454.38 1 0
github.com/andyday/depot/reflect.go:456.6,456.27 1 0
github.com/andyday/depot/reflect.go:457.16,458.94 1 0
github.com/andyday/depot/reflect.go:459.16,460.89 1 0
github.com/andyday/depot/reflect.go:461.14,462.52 1 0
github.com/andyday/depot/reflect.go:469.2,469.8 1 0
github.com/andyday/depot/depot.go:30.56,32.2 1 6
github.com/andyday/depot/depot.go:34.74,35.55 1 2
github.com/andyday/depot/depot.go:35.55,37.3 1 1
github.com/andyday/depot/depot.go:38.2,38.20 1 1
github.com/andyday/depot/depot.go:41.74,42.55 1 2
github.com/andyday/depot/depot.go:42.55,44.3 1 1
github.com/andyday/depot/depot.go:45.2,45.20 1 1
github.com/andyday/depot/depot.go:48.77,49.58 1 2
github.com/andyday/depot/depot.go:49.58,51.3 1 1
github.com/andyday/depot/depot.go:52.2,52.20 1 1
github.com/andyday/depot/depot.go:55.77,56.58 1 2
github.com/andyday/depot/depot.go:56.58,58.3 1 1
github.com/andyday/depot/depot.go:59.2,59.20 1 1
github.com/andyday/depot/depot.go:62.93,63.65 1 2
github.com/andyday/depot/depot.go:63.65,65.3 1 1
github.com/andyday/depot/depot.go:66.2,66.20 1 1
github.com/andyday/depot/depot.go:68.134,71.2 2 1
github.com/andyday/depot/math.go:9.46,10.23 1 35
github.com/andyday/depot/math.go:11.12,12.24 1 3
github.com/andyday/depot/math.go:13.13,14.24 1 3
github.com/andyday/depot/math.go:15.13,16.24 1 3
github.com/andyday/depot/math.go:17.13,18.24 1 3
github.com/andyday/depot/math.go:19.11,20.24 1 2
github.com/andyday/depot/math.go:21.15,22.24 1 3
github.com/andyday/depot/math.go:23.15,24.24 1 3
github.com/andyday/depot/math.go:25.12,26.24 1 3
github.com/andyday/depot/math.go:27.13,28.24 1 3
github.com/andyday/depot/math.go:29.14,30.24 1 3
github.com/andyday/depot/math.go:31.14,32.24 1 3
github.com/andyday/depot/math.go:33.14,34.24 1 3
github.com/andyday/depot/math.go:35.10,36.11 1 0
github.com/andyday/depot/math.go:40.48,41.23 1 35
github.com/andyday/depot/math.go:42.12,43.18 1 2
github.com/andyday/depot/math.go:44.13,45.18 1 2
github.com/andyday/depot/math.go:46.13,47.18 1 2
github.com/andyday/depot/math.go:48.13,49.18 1 2
github.com/andyday/depot/math.go:50.11,51.18 1 1
github.com/andyday/depot/math.go:52.12,53.18 1 2
github.com/andyday/depot/math.go:54.13,55.18 1 2
github.com/andyday/depot/math.go:56.14,57.18 1 2
github.com/andyday/depot/math.go:58.14,59.18 1 2
github.com/andyday/depot/math.go:60.14,61.18 1 2
github.com/andyday/depot/math.go:62.15,63.18 1 2
github.com/andyday/depot/math.go:64.15,65.18 1 2
github.com/andyday/depot/math.go:66.10,67.11 1 12
github.com/andyday/depot/math.go:71.51,72.23 1 30
github.com/andyday/depot/math.go:73.12,74.29 1 3
github.com/andyday/depot/math.go:75.13,76.29 1 3
github.com/andyday/depot/math.go:77.13,78.29 1 3
github.com/andyday/depot/math.go:79.13,80.29 1 3
github.com/andyday/depot/math.go:81.11,82.29 1 2
github.com/andyday/depot/math.go:83.15,84.29 1 3
github.com/andyday/depot/math.go:85.15,86.29 1 3
github.com/andyday/depot/math.go:87.12,88.29 1 2
github.com/andyday/depot/math.go:89.13,90.29 1 2
github.com/andyday/depot/math.go:91.14,92.29 1 2
github.com/andyday/depot/math.go:93.14,94.29 1 2
github.com/andyday/depot/math.go:95.14,96.29 1 2
github.com/andyday/depot/math.go:97.10,98.11 1 0
github.com/andyday/depot/math.go:102.53,103.23 1 30
github.com/andyday/depot/math.go:104.12,105.18 1 2
github.com/andyday/depot/math.go:106.13,107.18 1 2
github.com/andyday/depot/math.go:108.13,109.18 1 2
github.com/andyday/depot/math.go:110.13,111.18 1 2
github.com/andyday/depot/math.go:112.11,113.18 1 1
github.com/andyday/depot/math.go:114.12,115.18 1 2
github.com/andyday/depot/math.go:116.13,117.18 1 2
github.com/andyday/depot/math.go:118.14,119.18 1 2
github.com/andyday/depot/math.go:120.14,121.18 1 2
github.com/andyday/depot/math.go:122.14,123.18 1 2
github.com/andyday/depot/math.go:124.15,125.18 1 2
github.com/andyday/depot/math.go:126.15,127.18 1 2
github.com/andyday/depot/math.go:128.10,129.12 1 7
github.com/andyday/depot/math.go:133.46,134.24 1 5
github.com/andyday/depot/math.go:135.12,136.12 1 1
github.com/andyday/depot/math.go:137.13,138.12 1 1
github.com/andyday/depot/math.go:139.13,140.12 1 1
github.com/andyday/depot/math.go:141.13,142.12 1 1
github.com/andyday/depot/math.go:143.11,144.12 1 1
github.com/andyday/depot/math.go:145.15,146.12 1 0
github.com/andyday/depot/math.go:147.15,148.12 1 0
github.com/andyday/depot/math.go:149.10,150.11 1 0
github.com/andyday/depot/math.go:154.41,155.23 1 195
github.com/andyday/depot/math.go:156.12,157.28 1 14
github.com/andyday/depot/math.go:158.13,159.28 1 14
github.com/andyday/depot/math.go:160.13,161.28 1 14
github.com/andyday/depot/math.go:162.13,163.28 1 14
github.com/andyday/depot/math.go:164.11,165.28 1 14
github.com/andyday/depot/math.go:166.15,167.28 1 14
github.com/andyday/depot/math.go:168.15,169.28 1 14
github.com/andyday/depot/math.go:170.12,171.28 1 14
github.com/andyday/depot/math.go:172.13,173.28 1 14
github.com/andyday/depot/math.go:174.14,175.28 1 14
github.com/andyday/depot/math.go:176.14,177.28 1 14
github.com/andyday/depot/math.go:178.14,179.28 1 14
github.com/andyday/depot/math.go:180.14,181.35 1 14
github.com/andyday/depot/math.go:182.10,183.16 1 13
github.com/andyday/depot/math.go:187.55,188.23 1 168
github.com/andyday/depot/math.go:189.12,190.19 1 12
github.com/andyday/depot/math.go:191.13,192.19 1 12
github.com/andyday/depot/math.go:193.13,194.19 1 12
github.com/andyday/depot/math.go:195.13,196.19 1 12
github.com/andyday/depot/math.go:197.11,198.19 1 12
github.com/andyday/depot/math.go:199.12,200.19 1 12
github.com/andyday/depot/math.go:201.13,202.19 1 12
github.com/andyday/depot/math.go:203.14,204.19 1 12
github.com/andyday/depot/math.go:205.14,206.19 1 12
github.com/andyday/depot/math.go:207.14,208.19 1 12
github.com/andyday/depot/math.go:209.15,210.19 1 12
github.com/andyday/depot/math.go:211.15,212.19 1 12
github.com/andyday/depot/math.go:213.14,214.35 1 12
github.com/andyday/depot/math.go:216.10,217.15 1 12
github.com/andyday/depot/math.go:221.44,222.23 1 195
github.com/andyday/depot/math.go:223.12,224.31 1 14
github.com/andyday/depot/math.go:225.13,226.31 1 14
github.com/andyday/depot/math.go:227.13,228.31 1 14
github.com/andyday/depot/math.go:229.13,230.31 1 14
github.com/andyday/depot/math.go:231.11,232.31 1 14
github.com/andyday/depot/math.go:233.15,234.31 1 14
github.com/andyday/depot/math.go:235.15,236.31 1 14
github.com/andyday/depot/math.go:237.12,238.31 1 14
github.com/andyday/depot/math.go:239.13,240.31 1 14
github.com/andyday/depot/math.go:241.14,242.31 1 14
github.com/andyday/depot/math.go:243.14,244.31 1 14
github.com/andyday/depot/math.go:245.14,246.31 1 14
github.com/andyday/depot/math.go:247.14,248.35 1 14
github.com/andyday/depot/math.go:249.10,250.16 1 13
github.com/andyday/depot/math.go:254.58,255.23 1 168
github.com/andyday/depot/math.go:256.12,257.19 1 12
github.com/andyday/depot/math.go:258.13,259.19 1 12
github.com/andyday/depot/math.go:260.13,261.19 1 12
github.com/andyday/depot/math.go:262.13,263.19 1 12
github.com/andyday/depot/math.go:264.11,265.19 1 12
github.com/andyday/depot/math.go:266.12,267.19 1 12
github.com/andyday/depot/math.go:268.13,269.19 1 12
github.com/andyday/depot/math.go:270.14,271.19 1 12
github.com/andyday/depot/math.go:272.14,273.19 1 12
github.com/andyday/depot/math.go:274.14,275.19 1 12
github.com/andyday/depot/math.go:276.15,277.19 1 12
github.com/andyday/depot/math.go:278.15,279.19 1 12
github.com/andyday/depot/math.go:280.14,281.35 1 12
github.com/andyday/depot/math.go:282.10,283.14 1 12
github.com/andyday/depot/math.go:287.47,288.23 1 195
github.com/andyday/depot/math.go:289.12,290.34 1 14
github.com/andyday/depot/math.go:291.13,292.34 1 14
github.com/andyday/depot/math.go:293.13,294.34 1 14
github.com/andyday/depot/math.go:295.13,296.34 1 14
github.com/andyday/depot/math.go:297.11,298.34 1 14
github.com/andyday/depot/math.go:299.15,300.34 1 14
github.com/andyday/depot/math.go:301.15,302.34 1 14
github.com/andyday/depot/math.go:303.12,304.34 1 14
github.com/andyday/depot/math.go:305.13,306.34 1 14
github.com/andyday/depot/math.go:307.14,308.34 1 14
github.com/andyday/depot/math.go:309.14,310.34 1 14
github.com/andyday/depot/math.go:311.14,312.34 1 14
github.com/andyday/depot/math.go:313.14,314.15 1 14
github.com/andyday/depot/math.go:314.15,316.4 1 1
github.com/andyday/depot/math.go:317.3,317.34 1 13
github.com/andyday/depot/math.go:318.10,319.15 1 13
github.com/andyday/depot/math.go:323.61,324.23 1 168
github.com/andyday/depot/math.go:325.12,326.18 1 12
github.com/andyday/depot/math.go:327.13,328.18 1 12
github.com/andyday/depot/math.go:329.13,330.18 1 12
github.com/andyday/depot/math.go:331.13,332.18 1 12
github.com/andyday/depot/math.go:333.11,334.18 1 12
github.com/andyday/depot/math.go:335.12,336.18 1 12
github.com/andyday/depot/math.go:337.13,338.18 1 12
github.com/andyday/depot/math.go:339.14,340.18 1 12
github.com/andyday/depot/math.go:341.14,342.18 1 12
github.com/andyday/depot/math.go:343.14,344.18 1 12
github.com/andyday/depot/math.go:345.15,346.18 1 12
github.com/andyday/depot/math.go:347.15,348.18 1 12
github.com/andyday/depot/math.go:349.14,350.34 1 12
github.com/andyday/depot/math.go:351.10,352.15 1 12
github.com/andyday/depot/math.go:356.54,357.23 1 339
github.com/andyday/depot/math.go:358.12,359.41 1 26
github.com/andyday/depot/math.go:360.13,361.41 1 26
github.com/andyday/depot/math.go:362.13,363.41 1 26
github.com/andyday/depot/math.go:364.13,365.41 1 26
github.com/andyday/depot/math.go:366.11,367.41 1 26
github.com/andyday/depot/math.go:368.15,369.41 1 26
github.com/andyday/depot/math.go:370.15,371.41 1 26
github.com/andyday/depot/math.go:372.12,373.41 1 26
github.com/andyday/depot/math.go:374.13,375.41 1 26
github.com/andyday/depot/math.go:376.14,377.41 1 26
github.com/andyday/depot/math.go:378.14,379.41 1 26
github.com/andyday/depot/math.go:380.14,381.41 1 26
github.com/andyday/depot/math.go:382.14,383.15 1 26
github.com/andyday/depot/math.go:383.15,385.4 1 0
github.com/andyday/depot/math.go:386.3,386.35 1 26
github.com/andyday/depot/math.go:387.10,388.15 1 1
github.com/andyday/depot/math.go:392.68,393.23 1 312
github.com/andyday/depot/math.go:394.12,395.19 1 24
github.com/andyday/depot/math.go:396.13,397.19 1 24
github.com/andyday/depot/math.go:398.13,399.19 1 24
github.com/andyday/depot/math.go:400.13,401.19 1 24
github.com/andyday/depot/math.go:402.11,403.19 1 24
github.com/andyday/depot/math.go:404.12,405.19 1 24
github.com/andyday/depot/math.go:406.13,407.19 1 24
github.com/andyday/depot/math.go:408.14,409.19 1 24
github.com/andyday/depot/math.go:410.14,411.19 1 24
github.com/andyday/depot/math.go:412.14,413.19 1 24
github.com/andyday/depot/math.go:414.15,415.19 1 24
github.com/andyday/depot/math.go:416.15,417.19 1 24
github.com/andyday/depot/math.go:418.14,419.35 1 24
github.com/andyday/depot/math.go:420.10,421.15 1 0
github.com/andyday/depot/math.go:425.44,426.23 1 195
github.com/andyday/depot/math.go:427.12,428.31 1 14
github.com/andyday/depot/math.go:429.13,430.31 1 14
github.com/andyday/depot/math.go:431.13,432.31 1 14
github.com/andyday/depot/math.go:433.13,434.31 1 14
github.com/andyday/depot/math.go:435.11,436.31 1 14
github.com/andyday/depot/math.go:437.15,438.31 1 14
github.com/andyday/depot/math.go:439.15,440.31 1 14
github.com/andyday/depot/math.go:441.12,442.31 1 14
github.com/andyday/depot/math.go:443.13,444.31 1 14
github.com/andyday/depot/math.go:445.14,446.31 1 14
github.com/andyday/depot/math.go:447.14,448.31 1 14
github.com/andyday/depot/math.go:449.14,450.31 1 14
github.com/andyday/depot/math.go:451.14,452.15 1 14
github.com/andyday/depot/math.go:452.15,454.4 1 1
github.com/andyday/depot/math.go:455.3,455.34 1 13
github.com/andyday/depot/math.go:456.10,457.15 1 13
github.com/andyday/depot/math.go:461.58,462.23 1 168
github.com/andyday/depot/math.go:463.12,464.18 1 12
github.com/andyday/depot/math.go:465.13,466.18 1 12
github.com/andyday/depot/math.go:467.13,468.18 1 12
github.com/andyday/depot/math.go:469.13,470.18 1 12
github.com/andyday/depot/math.go:471.11,472.18 1 12
github.com/andyday/depot/math.go:473.12,474.18 1 12
github.com/andyday/depot/math.go:475.13,476.18 1 12
github.com/andyday/depot/math.go:477.14,478.18 1 12
github.com/andyday/depot/math.go:479.14,480.18 1 12
github.com/andyday/depot/math.go:481.14,482.18 1 12
github.com/andyday/depot/math.go:483.15,484.18 1 12
github.com/andyday/depot/math.go:485.15,486.18 1 12
github.com/andyday/depot/math.go:487.14,488.34 1 12
github.com/andyday/depot/math.go:489.10,490.15 1 12
github.com/andyday/depot/math.go:494.51,495.23 1 339
github.com/andyday/depot/math.go:496.12,497.38 1 26
github.com/andyday/depot/math.go:498.13,499.38 1 26
github.com/andyday/depot/math.go:500.13,501.38 1 26
github.com/andyday/depot/math.go:502.13,503.38 1 26
github.com/andyday/depot/math.go:504.11,505.38 1 26
github.com/andyday/depot/math.go:506.15,507.38 1 26
github.com/andyday/depot/math.go:508.15,509.38 1 26
github.com/andyday/depot/math.go:510.12,511.38 1 26
github.com/andyday/depot/math.go:512.13,513.38 1 26
github.com/andyday/depot/math.go:514.14,515.38 1 26
github.com/andyday/depot/math.go:516.14,517.38 1 26
github.com/andyday/depot/math.go:518.14,519.38 1 26
github.com/andyday/depot/math.go:520.14,521.15 1 26
github.com/andyday/depot/math.go:521.15,523.4 1 0
github.com/andyday/depot/math.go:524.3,524.35 1 26
github.com/andyday/depot/math.go:525.10,526.15 1 1
github.com/andyday/depot/math.go:530.65,531.23 1 312
github.com/andyday/depot/math.go:532.12,533.19 1 24
github.com/andyday/depot/math.go:534.13,535.19 1 24
github.com/andyday/depot/math.go:536.13,537.19 1 24
github.com/andyday/depot/math.go:538.13,539.19 1 24
github.com/andyday/depot/math.go:540.11,541.19 1 24
github.com/andyday/depot/math.go:542.12,543.19 1 24
github.com/andyday/depot/math.go:544.13,545.19 1 24
github.com/andyday/depot/math.go:546.14,547.19 1 24
github.com/andyday/depot/math.go:548.14,549.19 1 24
github.com/andyday/depot/math.go:550.14,551.19 1 24
github.com/andyday/depot/math.go:552.15,553.19 1 24
github.com/andyday/depot/math.go:554.15,555.19 1 24
github.com/andyday/depot/math.go:556.14,557.35 1 24
github.com/andyday/depot/math.go:558.10,559.15 1 0
github.com/andyday/depot/op.go:12.40,12.41 0 1
github.com/andyday/depot/op.go:13.40,13.41 0 1
github.com/andyday/depot/op.go:14.40,14.41 0 1
github.com/andyday/depot/op.go:16.43,16.61 1 25
github.com/andyday/depot/op.go:17.43,17.61 1 1
github.com/andyday/depot/op.go:18.43,18.61 1 1
github.com/andyday/depot/op.go:20.47,20.84 1 3
github.com/andyday/depot/op.go:21.47,21.89 1 1
github.com/andyday/depot/op.go:22.47,22.86 1 1
github.com/andyday/depot/op.go:48.40,48.41 0 1
github.com/andyday/depot/op.go:49.40,49.41 0 1
github.com/andyday/depot/op.go:50.40,50.41 0 1
github.com/andyday/depot/op.go:51.40,51.41 0 1
github.com/andyday/depot/op.go:52.40,52.41 0 1
github.com/andyday/depot/op.go:53.40,53.41 0 1
github.com/andyday/depot/op.go:54.40,54.41 0 1
github.com/andyday/depot/op.go:55.40,55.41 0 1
github.com/andyday/depot/op.go:56.40,56.41 0 1
github.com/andyday/depot/op.go:58.41,58.42 0 1
github.com/andyday/depot/op.go:59.41,59.42 0 1
github.com/andyday/depot/op.go:60.41,60.42 0 1
github.com/andyday/depot/op.go:61.41,61.42 0 1
github.com/andyday/depot/op.go:62.41,62.42 0 1
github.com/andyday/depot/op.go:63.41,63.42 0 1
github.com/andyday/depot/op.go:64.41,64.42 0 1
github.com/andyday/depot/op.go:65.41,65.42 0 1
github.com/andyday/depot/op.go:66.41,66.42 0 1
github.com/andyday/depot/op.go:68.44,68.62 1 1
github.com/andyday/depot/op.go:69.44,69.62 1 1
github.com/andyday/depot/op.go:70.44,70.62 1 1
github.com/andyday/depot/op.go:71.44,71.62 1 1
github.com/andyday/depot/op.go:72.44,72.62 1 26
github.com/andyday/depot/op.go:73.44,73.62 1 1
github.com/andyday/depot/op.go:74.44,74.62 1 1
github.com/andyday/depot/op.go:75.44,75.62 1 1
github.com/andyday/depot/op.go:76.44,76.62 1 1
github.com/andyday/depot/op.go:78.44,78.60 1 1
github.com/andyday/depot/op.go:79.44,79.60 1 1
github.com/andyday/depot/op.go:80.44,80.60 1 1
github.com/andyday/depot/op.go:81.44,81.60 1 1
github.com/andyday/depot/op.go:82.44,82.60 1 1
github.com/andyday/depot/op.go:83.44,83.60 1 1
github.com/andyday/depot/op.go:84.44,84.59 1 1
github.com/andyday/depot/op.go:85.44,85.59 1 1
github.com/andyday/depot/op.go:86.44,86.59 1 1
github.com/andyday/depot/op.go:88.42,88.43 0 1
github.com/andyday/depot/op.go:89.42,89.43 0 1
github.com/andyday/depot/op.go:90.42,90.43 0 1
github.com/andyday/depot/op.go:91.42,91.43 0 1
github.com/andyday/depot/op.go:92.42,92.43 0 1
github.com/andyday/depot/op.go:93.42,93.43 0 1
github.com/andyday/depot/op.go:94.42,94.43 0 1
github.com/andyday/depot/op.go:95.42,95.43 0 1
github.com/andyday/depot/op.go:96.42,96.43 0 1
github.com/andyday/depot/op.go:98.53,98.93 1 2
github.com/andyday/depot/op.go:99.53,99.96 1 1
github.com/andyday/depot/op.go:100.53,100.90 1 1
github.com/andyday/depot/op.go:101.53,101.91 1 1
github.com/andyday/depot/op.go:102.53,102.90 1 2
github.com/andyday/depot/op.go:103.53,103.91 1 1
github.com/andyday/depot/op.go:104.53,104.94 1 1
github.com/andyday/depot/op.go:106.57,108.2 1 1
github.com/andyday/depot/op.go:109.63,111.2 1 1
github.com/andyday/depot/op.go:118.42,118.43 0 1
github.com/andyday/depot/op.go:119.42,119.43 0 1
github.com/andyday/depot/op.go:120.42,120.43 0 1
github.com/andyday/depot/op.go:121.42,121.43 0 1
github.com/andyday/depot/op.go:123.49,123.50 0 1
github.com/andyday/depot/op.go:124.49,124.50 0 1
github.com/andyday/depot/op.go:125.49,125.50 0 1
github.com/andyday/depot/op.go:126.49,126.50 0 1
github.com/andyday/depot/op.go:128.44,128.75 1 1
github.com/andyday/depot/op.go:129.44,129.76 1 2
github.com/andyday/depot/op.go:130.44,130.89 1 1
github.com/andyday/depot/op.go:131.44,131.86 1 1
github.com/andyday/depot/reflect.go:20.30,21.25 1 2
github.com/andyday/depot/reflect.go:21.25,23.3 1 1
github.com/andyday/depot/reflect.go:23.8,25.3 1 1
github.com/andyday/depot/reflect.go:34.57,39.42 2 3
github.com/andyday/depot/reflect.go:39.42,41.3 1 1
github.com/andyday/depot/reflect.go:42.2,43.26 2 2
github.com/andyday/depot/reflect.go:43.26,45.17 2 3
github.com/andyday/depot/reflect.go:46.27,48.48 2 2
github.com/andyday/depot/reflect.go:49.22,51.43 2 1
github.com/andyday/depot/reflect.go:52.11,52.11 0 0
github.com/andyday/depot/reflect.go:55.2,55.8 1 2
github.com/andyday/depot/reflect.go:58.73,63.42 2 2
github.com/andyday/depot/reflect.go:63.42,65.3 1 1
github.com/andyday/depot/reflect.go:66.2,67.26 2 1
github.com/andyday/depot/reflect.go:67.26,70.82 3 18
github.com/andyday/depot/reflect.go:70.82,71.12 1 11
github.com/andyday/depot/reflect.go:73.3,73.93 1 7
github.com/andyday/depot/reflect.go:75.2,75.8 1 1
github.com/andyday/depot/reflect.go:78.91,84.42 3 3
github.com/andyday/depot/reflect.go:84.42,86.3 1 1
github.com/andyday/depot/reflect.go:87.2,88.26 2 2
github.com/andyday/depot/reflect.go:88.26,91.82 3 36
github.com/andyday/depot/reflect.go:91.82,92.12 1 22
github.com/andyday/depot/reflect.go:94.3,95.26 2 14
github.com/andyday/depot/reflect.go:95.26,97.4 1 1
github.com/andyday/depot/reflect.go:98.3,98.18 1 14
github.com/andyday/depot/reflect.go:100.2,100.8 1 2
github.com/andyday/depot/reflect.go:103.79,108.44 2 7
github.com/andyday/depot/reflect.go:108.44,110.3 1 3
github.com/andyday/depot/reflect.go:111.2,112.26 2 4
github.com/andyday/depot/reflect.go:112.26,115.29 3 72
github.com/andyday/depot/reflect.go:115.29,117.82 2 35
github.com/andyday/depot/reflect.go:117.82,119.5 1 3
github.com/andyday/depot/reflect.go:120.4,120.27 1 35
github.com/andyday/depot/reflect.go:120.27,122.5 1 1
github.com/andyday/depot/reflect.go:123.4,124.61 2 35
github.com/andyday/depot/reflect.go:124.61,125.20 1 1
github.com/andyday/depot/reflect.go:125.20,127.6 1 1
github.com/andyday/depot/reflect.go:128.5,128.23 1 1
github.com/andyday/depot/reflect.go:129.10,131.5 1 34
github.com/andyday/depot/reflect.go:134.2,134.8 1 4
github.com/andyday/depot/reflect.go:137.77,139.26 2 1
github.com/andyday/depot/reflect.go:139.26,141.3 1 9
github.com/andyday/depot/reflect.go:142.2,142.40 1 1
github.com/andyday/depot/reflect.go:145.87,147.26 2 3
github.com/andyday/depot/reflect.go:147.26,149.3 1 9
github.com/andyday/depot/reflect.go:150.2,150.40 1 3
github.com/andyday/depot/reflect.go:159.86,164.42 2 3
github.com/andyday/depot/reflect.go:164.42,166.3 1 2
github.com/andyday/depot/reflect.go:167.2,168.26 2 1
github.com/andyday/depot/reflect.go:168.26,176.28 5 18
github.com/andyday/depot/reflect.go:176.28,177.12 1 12
github.com/andyday/depot/reflect.go:179.3,183.5 1 6
github.com/andyday/depot/reflect.go:185.2,185.8 1 1
github.com/andyday/depot/reflect.go:203.131,209.42 2 1
github.com/andyday/depot/reflect.go:209.42,211.3 1 0
github.com/andyday/depot/reflect.go:212.2,213.26 2 1
github.com/andyday/depot/reflect.go:213.26,220.15 6 18
github.com/andyday/depot/reflect.go:221.25,222.12 1 1
github.com/andyday/depot/reflect.go:223.27,224.25 1 1
github.com/andyday/depot/reflect.go:225.22,227.22 2 2
github.com/andyday/depot/reflect.go:228.11,229.20 1 14
github.com/andyday/depot/reflect.go:231.3,231.18 1 17
github.com/andyday/depot/reflect.go:231.18,233.38 2 10
github.com/andyday/depot/reflect.go:233.38,234.13 1 10
github.com/andyday/depot/reflect.go:237.3,242.5 1 7
github.com/andyday/depot/reflect.go:244.2,244.8 1 1
github.com/andyday/depot/reflect.go:247.43,248.37 1 38
github.com/andyday/depot/reflect.go:248.37,250.3 1 32
github.com/andyday/depot/reflect.go:250.8,250.24 1 6
github.com/andyday/depot/reflect.go:250.24,252.3 1 0
github.com/andyday/depot/reflect.go:252.8,253.22 1 6
github.com/andyday/depot/reflect.go:254.15,255.34 1 4
github.com/andyday/depot/reflect.go:256.12,257.31 1 1
github.com/andyday/depot/reflect.go:258.14,259.33 1 1
github.com/andyday/depot/reflect.go:260.11,261.12 1 0
github.com/andyday/depot/reflect.go:266.54,267.23 1 6
github.com/andyday/depot/reflect.go:267.23,269.3 1 12
github.com/andyday/depot/reflect.go:270.2,270.8 1 6
github.com/andyday/depot/reflect.go:273.41,274.45 1 3
github.com/andyday/depot/reflect.go:274.45,276.3 1 3
github.com/andyday/depot/reflect.go:277.2,277.10 1 0
github.com/andyday/depot/reflect.go:280.55,281.22 1 3
github.com/andyday/depot/reflect.go:281.22,282.25 1 3
github.com/andyday/depot/reflect.go:283.15,284.32 1 0
github.com/andyday/depot/reflect.go:285.12,286.29 1 0
github.com/andyday/depot/reflect.go:287.14,288.31 1 0
github.com/andyday/depot/reflect.go:289.13,290.30 1 0
github.com/andyday/depot/reflect.go:291.31,292.26 1 3
github.com/andyday/depot/reflect.go:292.26,293.22 1 3
github.com/andyday/depot/reflect.go:294.17,295.37 1 0
github.com/andyday/depot/reflect.go:296.14,297.34 1 0
github.com/andyday/depot/reflect.go:298.16,299.36 1 0
github.com/andyday/depot/reflect.go:300.15,301.35 1 3
github.com/andyday/depot/reflect.go:306.2,306.52 1 0
github.com/andyday/depot/reflect.go:309.84,311.23 2 3
github.com/andyday/depot/reflect.go:311.23,313.26 2 6
github.com/andyday/depot/reflect.go:313.26,314.21 1 6
github.com/andyday/depot/reflect.go:314.21,316.5 1 6
github.com/andyday/depot/reflect.go:317.4,317.23 1 6
github.com/andyday/depot/reflect.go:320.2,320.8 1 3
github.com/andyday/depot/reflect.go:323.70,325.23 2 0
github.com/andyday/depot/reflect.go:325.23,327.3 1 0
github.com/andyday/depot/reflect.go:328.2,328.8 1 0
github.com/andyday/depot/reflect.go:331.46,332.16 1 18
github.com/andyday/depot/reflect.go:332.16,333.35 1 18
github.com/andyday/depot/reflect.go:333.35,334.26 1 6
github.com/andyday/depot/reflect.go:334.26,336.5 1 2
github.com/andyday/depot/reflect.go:339.2,339.15 1 16
github.com/andyday/depot/reflect.go:342.31,343.61 1 7
github.com/andyday/depot/reflect.go:343.61,345.3 1 2
github.com/andyday/depot/reflect.go:346.2,346.34 1 5
github.com/andyday/depot/reflect.go:346.34,347.68 1 2
github.com/andyday/depot/reflect.go:347.68,349.4 1 2
github.com/andyday/depot/reflect.go:351.2,351.14 1 3
github.com/andyday/depot/reflect.go:354.57,355.25 1 24
github.com/andyday/depot/reflect.go:355.25,356.26 1 24
github.com/andyday/depot/reflect.go:356.26,358.4 1 2
github.com/andyday/depot/reflect.go:360.2,360.12 1 22
github.com/andyday/depot/reflect.go:363.58,364.25 1 25
github.com/andyday/depot/reflect.go:364.25,365.58 1 48
github.com/andyday/depot/reflect.go:365.58,367.4 1 2
github.com/andyday/depot/reflect.go:369.2,369.12 1 23
github.com/andyday/depot/reflect.go:398.73,401.30 3 19
github.com/andyday/depot/reflect.go:401.30,403.3 1 7
github.com/andyday/depot/reflect.go:404.2,404.36 1 19
github.com/andyday/depot/reflect.go:404.36,406.3 1 0
github.com/andyday/depot/reflect.go:407.2,407.33 1 19
github.com/andyday/depot/reflect.go:407.33,410.3 2 8
github.com/andyday/depot/reflect.go:412.2,413.28 2 11
github.com/andyday/depot/reflect.go:413.28,415.3 1 8
github.com/andyday/depot/reflect.go:417.2,418.36 2 3
github.com/andyday/depot/reflect.go:418.36,420.3 1 21
github.com/andyday/depot/reflect.go:421.2,422.8 2 3
github.com/andyday/depot/reflect.go:425.49,430.14 5 21
github.com/andyday/depot/reflect.go:430.14,433.3 2 1
github.com/andyday/depot/reflect.go:434.2,436.20 3 20
github.com/andyday/depot/reflect.go:436.20,438.3 1 20
github.com/andyday/depot/reflect.go:439.2,439.20 1 20
github.com/andyday/depot/reflect.go:439.20,440.31 1 18
github.com/andyday/depot/reflect.go:440.31,441.13 1 24
github.com/andyday/depot/reflect.go:442.14,443.34 1 3
github.com/andyday/depot/reflect.go:444.14,445.29 1 2
github.com/andyday/depot/reflect.go:446.21,447.34 1 10
github.com/andyday/depot/reflect.go:448.15,449.19 1 1
github.com/andyday/depot/reflect.go:450.12,451.39 1 8
github.com/andyday/depot/reflect.go:451.39,453.30 2 8
github.com/andyday/depot/reflect.go:453.30,454.38 1 0
github.com/andyday/depot/reflect.go:456.6,456.27 1 8
github.com/andyday/depot/reflect.go:457.16,458.94 1 4
github.com/andyday/depot/reflect.go:459.16,460.89 1 4
github.com/andyday/depot/reflect.go:461.14,462.52 1 0
github.com/andyday/depot/reflect.go:469.2,469.8 1 20
